# JRE version: Java(TM) SE Runtime Environment (8.0_401) (build 1.8.0_401-b10)
# Java VM: Java HotSpot(TM) 64-Bit Server VM (25.401-b10 mixed mode windows-amd64 compressed oops)
Heap:
 PSYoungGen      total 515584K, used 350493K [0x00000000d5580000, 0x00000000f6500000, 0x0000000100000000)
  eden space 513536K, 67% used [0x00000000d5580000,0x00000000ea9cdcc8,0x00000000f4b00000)
  from space 2048K, 98% used [0x00000000f6300000,0x00000000f64f9750,0x00000000f6500000)
  to   space 11776K, 0% used [0x00000000f4e00000,0x00000000f4e00000,0x00000000f5980000)
 ParOldGen       total 103936K, used 27446K [0x0000000080000000, 0x0000000086580000, 0x00000000d5580000)
  object space 103936K, 26% used [0x0000000080000000,0x0000000081acd888,0x0000000086580000)
 Metaspace       used 29511K, capacity 30634K, committed 30720K, reserved 1075200K
  class space    used 4281K, capacity 4531K, committed 4608K, reserved 1048576K
GC Heap History (10 events):
Event: 14.331 GC heap before
{Heap before GC invocations=15 (full 1):
 PSYoungGen      total 299520K, used 288736K [0x00000000d5580000, 0x00000000ee680000, 0x0000000100000000)
  eden space 286720K, 100% used [0x00000000d5580000,0x00000000e6d80000,0x00000000e6d80000)
  from space 12800K, 15% used [0x00000000e6d80000,0x00000000e6f78020,0x00000000e7a00000)
  to   space 12800K, 0% used [0x00000000eda00000,0x00000000eda00000,0x00000000ee680000)
 ParOldGen       total 103936K, used 16238K [0x0000000080000000, 0x0000000086580000, 0x00000000d5580000)
  object space 103936K, 15% used [0x0000000080000000,0x0000000080fdb838,0x0000000086580000)
 Metaspace       used 29450K, capacity 30566K, committed 30720K, reserved 1075200K
  class space    used 4280K, capacity 4531K, committed 4608K, reserved 1048576K
Event: 14.351 GC heap after
Heap after GC invocations=15 (full 1):
 PSYoungGen      total 398336K, used 1536K [0x00000000d5580000, 0x00000000eef00000, 0x0000000100000000)
  eden space 385536K, 0% used [0x00000000d5580000,0x00000000d5580000,0x00000000ece00000)
  from space 12800K, 12% used [0x00000000eda00000,0x00000000edb80000,0x00000000ee680000)
  to   space 12288K, 0% used [0x00000000ece00000,0x00000000ece00000,0x00000000eda00000)
 ParOldGen       total 103936K, used 18126K [0x0000000080000000, 0x0000000086580000, 0x00000000d5580000)
  object space 103936K, 17% used [0x0000000080000000,0x00000000811b3858,0x0000000086580000)
 Metaspace       used 29450K, capacity 30566K, committed 30720K, reserved 1075200K
  class space    used 4280K, capacity 4531K, committed 4608K, reserved 1048576K
}
Event: 16.299 GC heap before
{Heap before GC invocations=16 (full 1):
 PSYoungGen      total 398336K, used 387072K [0x00000000d5580000, 0x00000000eef00000, 0x0000000100000000)
  eden space 385536K, 100% used [0x00000000d5580000,0x00000000ece00000,0x00000000ece00000)
  from space 12800K, 12% used [0x00000000eda00000,0x00000000edb80000,0x00000000ee680000)
  to   space 12288K, 0% used [0x00000000ece00000,0x00000000ece00000,0x00000000eda00000)
 ParOldGen       total 103936K, used 18126K [0x0000000080000000, 0x0000000086580000, 0x00000000d5580000)
  object space 103936K, 17% used [0x0000000080000000,0x00000000811b3858,0x0000000086580000)
 Metaspace       used 29463K, capacity 30570K, committed 30720K, reserved 1075200K
  class space    used 4281K, capacity 4531K, committed 4608K, reserved 1048576K
Event: 16.319 GC heap after
Heap after GC invocations=16 (full 1):
 PSYoungGen      total 397824K, used 2720K [0x00000000d5580000, 0x00000000f6f00000, 0x0000000100000000)
  eden space 385536K, 0% used [0x00000000d5580000,0x00000000d5580000,0x00000000ece00000)
  from space 12288K, 22% used [0x00000000ece00000,0x00000000ed0a8020,0x00000000eda00000)
  to   space 12288K, 0% used [0x00000000f6300000,0x00000000f6300000,0x00000000f6f00000)
 ParOldGen       total 103936K, used 19606K [0x0000000080000000, 0x0000000086580000, 0x00000000d5580000)
  object space 103936K, 18% used [0x0000000080000000,0x0000000081325858,0x0000000086580000)
 Metaspace       used 29463K, capacity 30570K, committed 30720K, reserved 1075200K
  class space    used 4281K, capacity 4531K, committed 4608K, reserved 1048576K
}
Event: 18.043 GC heap before
{Heap before GC invocations=17 (full 1):
 PSYoungGen      total 397824K, used 388256K [0x00000000d5580000, 0x00000000f6f00000, 0x0000000100000000)
  eden space 385536K, 100% used [0x00000000d5580000,0x00000000ece00000,0x00000000ece00000)
  from space 12288K, 22% used [0x00000000ece00000,0x00000000ed0a8020,0x00000000eda00000)
  to   space 12288K, 0% used [0x00000000f6300000,0x00000000f6300000,0x00000000f6f00000)
 ParOldGen       total 103936K, used 19606K [0x0000000080000000, 0x0000000086580000, 0x00000000d5580000)
  object space 103936K, 18% used [0x0000000080000000,0x0000000081325858,0x0000000086580000)
 Metaspace       used 29465K, capacity 30570K, committed 30720K, reserved 1075200K
  class space    used 4281K, capacity 4531K, committed 4608K, reserved 1048576K
Event: 18.049 GC heap after
Heap after GC invocations=17 (full 1):
 PSYoungGen      total 515584K, used 1920K [0x00000000d5580000, 0x00000000f6500000, 0x0000000100000000)
  eden space 513536K, 0% used [0x00000000d5580000,0x00000000d5580000,0x00000000f4b00000)
  from space 2048K, 93% used [0x00000000f6300000,0x00000000f64e0000,0x00000000f6500000)
  to   space 11776K, 0% used [0x00000000f4e00000,0x00000000f4e00000,0x00000000f5980000)
 ParOldGen       total 103936K, used 22278K [0x0000000080000000, 0x0000000086580000, 0x00000000d5580000)
  object space 103936K, 21% used [0x0000000080000000,0x00000000815c1888,0x0000000086580000)
 Metaspace       used 29465K, capacity 30570K, committed 30720K, reserved 1075200K
  class space    used 4281K, capacity 4531K, committed 4608K, reserved 1048576K
}
Event: 19.875 GC heap before
{Heap before GC invocations=18 (full 1):
 PSYoungGen      total 515584K, used 515456K [0x00000000d5580000, 0x00000000f6500000, 0x0000000100000000)
  eden space 513536K, 100% used [0x00000000d5580000,0x00000000f4b00000,0x00000000f4b00000)
  from space 2048K, 93% used [0x00000000f6300000,0x00000000f64e0000,0x00000000f6500000)
  to   space 11776K, 0% used [0x00000000f4e00000,0x00000000f4e00000,0x00000000f5980000)
 ParOldGen       total 103936K, used 22278K [0x0000000080000000, 0x0000000086580000, 0x00000000d5580000)
  object space 103936K, 21% used [0x0000000080000000,0x00000000815c1888,0x0000000086580000)
 Metaspace       used 29478K, capacity 30634K, committed 30720K, reserved 1075200K
  class space    used 4281K, capacity 4531K, committed 4608K, reserved 1048576K
Event: 19.881 GC heap after
Heap after GC invocations=18 (full 1):
 PSYoungGen      total 525312K, used 2144K [0x00000000d5580000, 0x00000000f6500000, 0x0000000100000000)
  eden space 513536K, 0% used [0x00000000d5580000,0x00000000d5580000,0x00000000f4b00000)
  from space 11776K, 18% used [0x00000000f4e00000,0x00000000f5018000,0x00000000f5980000)
  to   space 2048K, 0% used [0x00000000f6300000,0x00000000f6300000,0x00000000f6500000)
 ParOldGen       total 103936K, used 24062K [0x0000000080000000, 0x0000000086580000, 0x00000000d5580000)
  object space 103936K, 23% used [0x0000000080000000,0x000000008177f888,0x0000000086580000)
 Metaspace       used 29478K, capacity 30634K, committed 30720K, reserved 1075200K
  class space    used 4281K, capacity 4531K, committed 4608K, reserved 1048576K
}
Event: 21.692 GC heap before
{Heap before GC invocations=19 (full 1):
 PSYoungGen      total 525312K, used 515680K [0x00000000d5580000, 0x00000000f6500000, 0x0000000100000000)
  eden space 513536K, 100% used [0x00000000d5580000,0x00000000f4b00000,0x00000000f4b00000)
  from space 11776K, 18% used [0x00000000f4e00000,0x00000000f5018000,0x00000000f5980000)
  to   space 2048K, 0% used [0x00000000f6300000,0x00000000f6300000,0x00000000f6500000)
 ParOldGen       total 103936K, used 24062K [0x0000000080000000, 0x0000000086580000, 0x00000000d5580000)
  object space 103936K, 23% used [0x0000000080000000,0x000000008177f888,0x0000000086580000)
 Metaspace       used 29493K, capacity 30634K, committed 30720K, reserved 1075200K
  class space    used 4281K, capacity 4531K, committed 4608K, reserved 1048576K
Event: 21.697 GC heap after
Heap after GC invocations=19 (full 1):
 PSYoungGen      total 515584K, used 2021K [0x00000000d5580000, 0x00000000f6500000, 0x0000000100000000)
  eden space 513536K, 0% used [0x00000000d5580000,0x00000000d5580000,0x00000000f4b00000)
  from space 2048K, 98% used [0x00000000f6300000,0x00000000f64f9750,0x00000000f6500000)
  to   space 11776K, 0% used [0x00000000f4e00000,0x00000000f4e00000,0x00000000f5980000)
 ParOldGen       total 103936K, used 27446K [0x0000000080000000, 0x0000000086580000, 0x00000000d5580000)
  object space 103936K, 26% used [0x0000000080000000,0x0000000081acd888,0x0000000086580000)
 Metaspace       used 29493K, capacity 30634K, committed 30720K, reserved 1075200K
  class space    used 4281K, capacity 4531K, committed 4608K, reserved 1048576K
}

